<?xml version="1.0" encoding="UTF-8"?>
<!-- Generated by org.testng.reporters.JUnitXMLReporter -->
<testsuite ignored="0" hostname="LAPTOP-0FSG5U65" failures="1" tests="1" name="Test" time="4.593" errors="0" timestamp="2025-01-03T08:43:51 IST">
  <testcase classname="testCases.TC002_LoginTest" name="verifyLogin" time="0.479">
    <failure type="java.lang.AssertionError" message="Test failed due to an unexpected error.">
      <![CDATA[java.lang.AssertionError: Test failed due to an unexpected error.
at testCases.TC002_LoginTest.verifyLogin(TC002_LoginTest.java:43)
at java.base/java.util.ArrayList.forEach(ArrayList.java:1596)
... Removed 26 stack frames]]>
    </failure>
  </testcase> <!-- verifyLogin -->
</testsuite> <!-- Test -->
